# JRE version: OpenJDK Runtime Environment (17.0.6) (build 17.0.6+0-b2043.56-9586694)
# Java VM: OpenJDK 64-Bit Server VM (17.0.6+0-b2043.56-9586694, mixed mode, tiered, compressed oops, compressed class ptrs, g1 gc, windows-amd64)
GC Precious Log:
 CPUs: 8 total, 8 available
 Memory: 8097M
 Large Page Support: Disabled
 NUMA Support: Disabled
 Compressed Oops: Enabled (Zero based)
 Heap Region Size: 4M
 Heap Min Capacity: 8M
 Heap Initial Capacity: 128M
 Heap Max Capacity: 5G
 Pre-touch: Disabled
 Parallel Workers: 8
 Concurrent Workers: 2
 Concurrent Refinement Workers: 8
 Periodic GC: Disabled
Heap:
 garbage-first heap   total 1114112K, used 548864K [0x00000006c0000000, 0x0000000800000000)
  region size 4096K, 2 young (8192K), 2 survivors (8192K)
 Metaspace       used 115473K, committed 117952K, reserved 1155072K
  class space    used 15724K, committed 16704K, reserved 1048576K
GC Heap History (20 events):
Event: 55.921 GC heap after
{Heap after GC invocations=63 (full 0):
 garbage-first heap   total 843776K, used 447441K [0x00000006c0000000, 0x0000000800000000)
  region size 4096K, 4 young (16384K), 4 survivors (16384K)
 Metaspace       used 104824K, committed 107008K, reserved 1146880K
  class space    used 14341K, committed 15232K, reserved 1048576K
}
Event: 58.387 GC heap before
{Heap before GC invocations=63 (full 0):
 garbage-first heap   total 843776K, used 680913K [0x00000006c0000000, 0x0000000800000000)
  region size 4096K, 62 young (253952K), 4 survivors (16384K)
 Metaspace       used 111372K, committed 113600K, reserved 1146880K
  class space    used 15230K, committed 16128K, reserved 1048576K
}
Event: 58.409 GC heap after
{Heap after GC invocations=64 (full 0):
 garbage-first heap   total 843776K, used 462599K [0x00000006c0000000, 0x0000000800000000)
  region size 4096K, 8 young (32768K), 8 survivors (32768K)
 Metaspace       used 111372K, committed 113600K, reserved 1146880K
  class space    used 15230K, committed 16128K, reserved 1048576K
}
Event: 58.452 GC heap before
{Heap before GC invocations=64 (full 0):
 garbage-first heap   total 843776K, used 470791K [0x00000006c0000000, 0x0000000800000000)
  region size 4096K, 10 young (40960K), 8 survivors (32768K)
 Metaspace       used 111409K, committed 113600K, reserved 1146880K
  class space    used 15230K, committed 16128K, reserved 1048576K
}
Event: 58.468 GC heap after
{Heap after GC invocations=65 (full 0):
 garbage-first heap   total 843776K, used 475035K [0x00000006c0000000, 0x0000000800000000)
  region size 4096K, 2 young (8192K), 2 survivors (8192K)
 Metaspace       used 111409K, committed 113600K, reserved 1146880K
  class space    used 15230K, committed 16128K, reserved 1048576K
}
Event: 58.677 GC heap before
{Heap before GC invocations=65 (full 0):
 garbage-first heap   total 843776K, used 573339K [0x00000006c0000000, 0x0000000800000000)
  region size 4096K, 8 young (32768K), 2 survivors (8192K)
 Metaspace       used 111422K, committed 113664K, reserved 1146880K
  class space    used 15231K, committed 16128K, reserved 1048576K
}
Event: 58.681 GC heap after
{Heap after GC invocations=66 (full 0):
 garbage-first heap   total 843776K, used 555006K [0x00000006c0000000, 0x0000000800000000)
  region size 4096K, 1 young (4096K), 1 survivors (4096K)
 Metaspace       used 111422K, committed 113664K, reserved 1146880K
  class space    used 15231K, committed 16128K, reserved 1048576K
}
Event: 59.855 GC heap before
{Heap before GC invocations=67 (full 0):
 garbage-first heap   total 1114112K, used 759806K [0x00000006c0000000, 0x0000000800000000)
  region size 4096K, 36 young (147456K), 1 survivors (4096K)
 Metaspace       used 111409K, committed 113664K, reserved 1146880K
  class space    used 15227K, committed 16128K, reserved 1048576K
}
Event: 59.867 GC heap after
{Heap after GC invocations=68 (full 0):
 garbage-first heap   total 1114112K, used 617095K [0x00000006c0000000, 0x0000000800000000)
  region size 4096K, 3 young (12288K), 3 survivors (12288K)
 Metaspace       used 111409K, committed 113664K, reserved 1146880K
  class space    used 15227K, committed 16128K, reserved 1048576K
}
Event: 60.018 GC heap before
{Heap before GC invocations=68 (full 0):
 garbage-first heap   total 1114112K, used 653959K [0x00000006c0000000, 0x0000000800000000)
  region size 4096K, 14 young (57344K), 3 survivors (12288K)
 Metaspace       used 111415K, committed 113664K, reserved 1146880K
  class space    used 15227K, committed 16128K, reserved 1048576K
}
Event: 60.032 GC heap after
{Heap after GC invocations=69 (full 0):
 garbage-first heap   total 1114112K, used 599258K [0x00000006c0000000, 0x0000000800000000)
  region size 4096K, 2 young (8192K), 2 survivors (8192K)
 Metaspace       used 111415K, committed 113664K, reserved 1146880K
  class space    used 15227K, committed 16128K, reserved 1048576K
}
Event: 61.963 GC heap before
{Heap before GC invocations=69 (full 0):
 garbage-first heap   total 1114112K, used 926938K [0x00000006c0000000, 0x0000000800000000)
  region size 4096K, 83 young (339968K), 2 survivors (8192K)
 Metaspace       used 113635K, committed 115968K, reserved 1155072K
  class space    used 15535K, committed 16512K, reserved 1048576K
}
Event: 61.981 GC heap after
{Heap after GC invocations=70 (full 0):
 garbage-first heap   total 1114112K, used 634084K [0x00000006c0000000, 0x0000000800000000)
  region size 4096K, 10 young (40960K), 10 survivors (40960K)
 Metaspace       used 113635K, committed 115968K, reserved 1155072K
  class space    used 15535K, committed 16512K, reserved 1048576K
}
Event: 63.334 GC heap before
{Heap before GC invocations=70 (full 0):
 garbage-first heap   total 1114112K, used 916708K [0x00000006c0000000, 0x0000000800000000)
  region size 4096K, 80 young (327680K), 10 survivors (40960K)
 Metaspace       used 113918K, committed 116288K, reserved 1155072K
  class space    used 15582K, committed 16576K, reserved 1048576K
}
Event: 63.349 GC heap after
{Heap after GC invocations=71 (full 0):
 garbage-first heap   total 1114112K, used 624408K [0x00000006c0000000, 0x0000000800000000)
  region size 4096K, 3 young (12288K), 3 survivors (12288K)
 Metaspace       used 113918K, committed 116288K, reserved 1155072K
  class space    used 15582K, committed 16576K, reserved 1048576K
}
Event: 3245.230 GC heap before
{Heap before GC invocations=71 (full 0):
 garbage-first heap   total 1114112K, used 931608K [0x00000006c0000000, 0x0000000800000000)
  region size 4096K, 78 young (319488K), 3 survivors (12288K)
 Metaspace       used 115085K, committed 117504K, reserved 1155072K
  class space    used 15712K, committed 16704K, reserved 1048576K
}
Event: 3245.303 GC heap after
{Heap after GC invocations=72 (full 0):
 garbage-first heap   total 1114112K, used 647444K [0x00000006c0000000, 0x0000000800000000)
  region size 4096K, 8 young (32768K), 8 survivors (32768K)
 Metaspace       used 115085K, committed 117504K, reserved 1155072K
  class space    used 15712K, committed 16704K, reserved 1048576K
}
Event: 3249.505 GC heap before
{Heap before GC invocations=73 (full 0):
 garbage-first heap   total 1114112K, used 782612K [0x00000006c0000000, 0x0000000800000000)
  region size 4096K, 77 young (315392K), 8 survivors (32768K)
 Metaspace       used 115458K, committed 117952K, reserved 1155072K
  class space    used 15722K, committed 16704K, reserved 1048576K
}
Event: 3249.606 GC heap after
{Heap after GC invocations=74 (full 0):
 garbage-first heap   total 1114112K, used 549941K [0x00000006c0000000, 0x0000000800000000)
  region size 4096K, 10 young (40960K), 10 survivors (40960K)
 Metaspace       used 115458K, committed 117952K, reserved 1155072K
  class space    used 15722K, committed 16704K, reserved 1048576K
}
Event: 3249.657 GC heap before
{Heap before GC invocations=74 (full 0):
 garbage-first heap   total 1114112K, used 562229K [0x00000006c0000000, 0x0000000800000000)
  region size 4096K, 13 young (53248K), 10 survivors (40960K)
 Metaspace       used 115473K, committed 117952K, reserved 1155072K
  class space    used 15724K, committed 16704K, reserved 1048576K
}

