# JRE version: OpenJDK Runtime Environment (17.0.6) (build 17.0.6+0-b2043.56-9586694)
# Java VM: OpenJDK 64-Bit Server VM (17.0.6+0-b2043.56-9586694, mixed mode, tiered, compressed oops, compressed class ptrs, g1 gc, windows-amd64)
GC Precious Log:
 CPUs: 8 total, 8 available
 Memory: 8097M
 Large Page Support: Disabled
 NUMA Support: Disabled
 Compressed Oops: Enabled (Zero based)
 Heap Region Size: 4M
 Heap Min Capacity: 8M
 Heap Initial Capacity: 128M
 Heap Max Capacity: 5G
 Pre-touch: Disabled
 Parallel Workers: 8
 Concurrent Workers: 2
 Concurrent Refinement Workers: 8
 Periodic GC: Disabled
Heap:
 garbage-first heap   total 344064K, used 225200K [0x00000006c0000000, 0x0000000800000000)
  region size 4096K, 2 young (8192K), 2 survivors (8192K)
 Metaspace       used 95624K, committed 97472K, reserved 1138688K
  class space    used 13101K, committed 13824K, reserved 1048576K
GC Heap History (20 events):
Event: 22.641 GC heap after
{Heap after GC invocations=43 (full 0):
 garbage-first heap   total 245760K, used 139056K [0x00000006c0000000, 0x0000000800000000)
  region size 4096K, 1 young (4096K), 1 survivors (4096K)
 Metaspace       used 84142K, committed 85248K, reserved 1130496K
  class space    used 11431K, committed 11904K, reserved 1048576K
}
Event: 24.104 GC heap before
{Heap before GC invocations=43 (full 0):
 garbage-first heap   total 245760K, used 184112K [0x00000006c0000000, 0x0000000800000000)
  region size 4096K, 12 young (49152K), 1 survivors (4096K)
 Metaspace       used 84636K, committed 85824K, reserved 1130496K
  class space    used 11481K, committed 11968K, reserved 1048576K
}
Event: 24.112 GC heap after
{Heap after GC invocations=44 (full 0):
 garbage-first heap   total 245760K, used 155648K [0x00000006c0000000, 0x0000000800000000)
  region size 4096K, 2 young (8192K), 2 survivors (8192K)
 Metaspace       used 84636K, committed 85824K, reserved 1130496K
  class space    used 11481K, committed 11968K, reserved 1048576K
}
Event: 24.425 GC heap before
{Heap before GC invocations=44 (full 0):
 garbage-first heap   total 245760K, used 192512K [0x00000006c0000000, 0x0000000800000000)
  region size 4096K, 11 young (45056K), 2 survivors (8192K)
 Metaspace       used 85216K, committed 86592K, reserved 1130496K
  class space    used 11579K, committed 12160K, reserved 1048576K
}
Event: 24.434 GC heap after
{Heap after GC invocations=45 (full 0):
 garbage-first heap   total 245760K, used 163575K [0x00000006c0000000, 0x0000000800000000)
  region size 4096K, 2 young (8192K), 2 survivors (8192K)
 Metaspace       used 85216K, committed 86592K, reserved 1130496K
  class space    used 11579K, committed 12160K, reserved 1048576K
}
Event: 24.624 GC heap before
{Heap before GC invocations=45 (full 0):
 garbage-first heap   total 245760K, used 192247K [0x00000006c0000000, 0x0000000800000000)
  region size 4096K, 9 young (36864K), 2 survivors (8192K)
 Metaspace       used 85479K, committed 86912K, reserved 1130496K
  class space    used 11624K, committed 12224K, reserved 1048576K
}
Event: 24.631 GC heap after
{Heap after GC invocations=46 (full 0):
 garbage-first heap   total 245760K, used 169140K [0x00000006c0000000, 0x0000000800000000)
  region size 4096K, 2 young (8192K), 2 survivors (8192K)
 Metaspace       used 85479K, committed 86912K, reserved 1130496K
  class space    used 11624K, committed 12224K, reserved 1048576K
}
Event: 24.877 GC heap before
{Heap before GC invocations=46 (full 0):
 garbage-first heap   total 245760K, used 197812K [0x00000006c0000000, 0x0000000800000000)
  region size 4096K, 9 young (36864K), 2 survivors (8192K)
 Metaspace       used 85816K, committed 87296K, reserved 1130496K
  class space    used 11674K, committed 12288K, reserved 1048576K
}
Event: 24.885 GC heap after
{Heap after GC invocations=47 (full 0):
 garbage-first heap   total 245760K, used 175332K [0x00000006c0000000, 0x0000000800000000)
  region size 4096K, 2 young (8192K), 2 survivors (8192K)
 Metaspace       used 85816K, committed 87296K, reserved 1130496K
  class space    used 11674K, committed 12288K, reserved 1048576K
}
Event: 25.065 GC heap before
{Heap before GC invocations=47 (full 0):
 garbage-first heap   total 245760K, used 195812K [0x00000006c0000000, 0x0000000800000000)
  region size 4096K, 7 young (28672K), 2 survivors (8192K)
 Metaspace       used 85972K, committed 87424K, reserved 1130496K
  class space    used 11697K, committed 12288K, reserved 1048576K
}
Event: 25.072 GC heap after
{Heap after GC invocations=48 (full 0):
 garbage-first heap   total 311296K, used 179623K [0x00000006c0000000, 0x0000000800000000)
  region size 4096K, 1 young (4096K), 1 survivors (4096K)
 Metaspace       used 85972K, committed 87424K, reserved 1130496K
  class space    used 11697K, committed 12288K, reserved 1048576K
}
Event: 25.657 GC heap before
{Heap before GC invocations=49 (full 0):
 garbage-first heap   total 344064K, used 236967K [0x00000006c0000000, 0x0000000800000000)
  region size 4096K, 16 young (65536K), 1 survivors (4096K)
 Metaspace       used 86354K, committed 88000K, reserved 1130496K
  class space    used 11766K, committed 12416K, reserved 1048576K
}
Event: 25.672 GC heap after
{Heap after GC invocations=50 (full 0):
 garbage-first heap   total 344064K, used 192947K [0x00000006c0000000, 0x0000000800000000)
  region size 4096K, 2 young (8192K), 2 survivors (8192K)
 Metaspace       used 86354K, committed 88000K, reserved 1130496K
  class space    used 11766K, committed 12416K, reserved 1048576K
}
Event: 25.739 GC heap before
{Heap before GC invocations=50 (full 0):
 garbage-first heap   total 344064K, used 201139K [0x00000006c0000000, 0x0000000800000000)
  region size 4096K, 4 young (16384K), 2 survivors (8192K)
 Metaspace       used 86430K, committed 88064K, reserved 1130496K
  class space    used 11777K, committed 12416K, reserved 1048576K
}
Event: 25.747 GC heap after
{Heap after GC invocations=51 (full 0):
 garbage-first heap   total 344064K, used 194802K [0x00000006c0000000, 0x0000000800000000)
  region size 4096K, 1 young (4096K), 1 survivors (4096K)
 Metaspace       used 86430K, committed 88064K, reserved 1130496K
  class space    used 11777K, committed 12416K, reserved 1048576K
}
Event: 26.347 GC heap before
{Heap before GC invocations=51 (full 0):
 garbage-first heap   total 344064K, used 268530K [0x00000006c0000000, 0x0000000800000000)
  region size 4096K, 19 young (77824K), 1 survivors (4096K)
 Metaspace       used 87105K, committed 88832K, reserved 1130496K
  class space    used 11897K, committed 12544K, reserved 1048576K
}
Event: 26.359 GC heap after
{Heap after GC invocations=52 (full 0):
 garbage-first heap   total 344064K, used 208851K [0x00000006c0000000, 0x0000000800000000)
  region size 4096K, 3 young (12288K), 3 survivors (12288K)
 Metaspace       used 87105K, committed 88832K, reserved 1130496K
  class space    used 11897K, committed 12544K, reserved 1048576K
}
Event: 27.023 GC heap before
{Heap before GC invocations=52 (full 0):
 garbage-first heap   total 344064K, used 266195K [0x00000006c0000000, 0x0000000800000000)
  region size 4096K, 17 young (69632K), 3 survivors (12288K)
 Metaspace       used 90673K, committed 92416K, reserved 1130496K
  class space    used 12419K, committed 13056K, reserved 1048576K
}
Event: 27.038 GC heap after
{Heap after GC invocations=53 (full 0):
 garbage-first heap   total 344064K, used 220252K [0x00000006c0000000, 0x0000000800000000)
  region size 4096K, 3 young (12288K), 3 survivors (12288K)
 Metaspace       used 90673K, committed 92416K, reserved 1130496K
  class space    used 12419K, committed 13056K, reserved 1048576K
}
Event: 27.909 GC heap before
{Heap before GC invocations=53 (full 0):
 garbage-first heap   total 344064K, used 269404K [0x00000006c0000000, 0x0000000800000000)
  region size 4096K, 15 young (61440K), 3 survivors (12288K)
 Metaspace       used 95624K, committed 97472K, reserved 1138688K
  class space    used 13101K, committed 13824K, reserved 1048576K
}

