# JRE version: OpenJDK Runtime Environment (17.0.6) (build 17.0.6+0-b2043.56-9586694)
# Java VM: OpenJDK 64-Bit Server VM (17.0.6+0-b2043.56-9586694, mixed mode, tiered, compressed oops, compressed class ptrs, g1 gc, windows-amd64)
GC Precious Log:
 CPUs: 8 total, 8 available
 Memory: 8097M
 Large Page Support: Disabled
 NUMA Support: Disabled
 Compressed Oops: Enabled (Zero based)
 Heap Region Size: 4M
 Heap Min Capacity: 8M
 Heap Initial Capacity: 128M
 Heap Max Capacity: 5G
 Pre-touch: Disabled
 Parallel Workers: 8
 Concurrent Workers: 2
 Concurrent Refinement Workers: 8
 Periodic GC: Disabled
Heap:
 garbage-first heap   total 1105920K, used 496724K [0x00000006c0000000, 0x0000000800000000)
  region size 4096K, 5 young (20480K), 5 survivors (20480K)
 Metaspace       used 114533K, committed 116864K, reserved 1155072K
  class space    used 15632K, committed 16576K, reserved 1048576K
GC Heap History (20 events):
Event: 59.632 GC heap after
{Heap after GC invocations=62 (full 0):
 garbage-first heap   total 753664K, used 430472K [0x00000006c0000000, 0x0000000800000000)
  region size 4096K, 3 young (12288K), 3 survivors (12288K)
 Metaspace       used 104520K, committed 106752K, reserved 1146880K
  class space    used 14282K, committed 15168K, reserved 1048576K
}
Event: 60.483 GC heap before
{Heap before GC invocations=62 (full 0):
 garbage-first heap   total 753664K, used 606600K [0x00000006c0000000, 0x0000000800000000)
  region size 4096K, 47 young (192512K), 3 survivors (12288K)
 Metaspace       used 104771K, committed 106944K, reserved 1146880K
  class space    used 14310K, committed 15168K, reserved 1048576K
}
Event: 60.500 GC heap after
{Heap after GC invocations=63 (full 0):
 garbage-first heap   total 753664K, used 443705K [0x00000006c0000000, 0x0000000800000000)
  region size 4096K, 6 young (24576K), 6 survivors (24576K)
 Metaspace       used 104771K, committed 106944K, reserved 1146880K
  class space    used 14310K, committed 15168K, reserved 1048576K
}
Event: 62.154 GC heap before
{Heap before GC invocations=63 (full 0):
 garbage-first heap   total 753664K, used 615736K [0x00000006c0000000, 0x0000000800000000)
  region size 4096K, 49 young (200704K), 6 survivors (24576K)
 Metaspace       used 110823K, committed 113024K, reserved 1146880K
  class space    used 15129K, committed 16000K, reserved 1048576K
}
Event: 62.174 GC heap after
{Heap after GC invocations=64 (full 0):
 garbage-first heap   total 753664K, used 457024K [0x00000006c0000000, 0x0000000800000000)
  region size 4096K, 5 young (20480K), 5 survivors (20480K)
 Metaspace       used 110823K, committed 113024K, reserved 1146880K
  class space    used 15129K, committed 16000K, reserved 1048576K
}
Event: 63.323 GC heap before
{Heap before GC invocations=64 (full 0):
 garbage-first heap   total 753664K, used 571712K [0x00000006c0000000, 0x0000000800000000)
  region size 4096K, 33 young (135168K), 5 survivors (20480K)
 Metaspace       used 111363K, committed 113600K, reserved 1146880K
  class space    used 15201K, committed 16128K, reserved 1048576K
}
Event: 63.342 GC heap after
{Heap after GC invocations=65 (full 0):
 garbage-first heap   total 753664K, used 475252K [0x00000006c0000000, 0x0000000800000000)
  region size 4096K, 4 young (16384K), 4 survivors (16384K)
 Metaspace       used 111363K, committed 113600K, reserved 1146880K
  class space    used 15201K, committed 16128K, reserved 1048576K
}
Event: 63.385 GC heap before
{Heap before GC invocations=65 (full 0):
 garbage-first heap   total 753664K, used 548980K [0x00000006c0000000, 0x0000000800000000)
  region size 4096K, 5 young (20480K), 4 survivors (16384K)
 Metaspace       used 111363K, committed 113600K, reserved 1146880K
  class space    used 15201K, committed 16128K, reserved 1048576K
}
Event: 63.393 GC heap after
{Heap after GC invocations=66 (full 0):
 garbage-first heap   total 753664K, used 549565K [0x00000006c0000000, 0x0000000800000000)
  region size 4096K, 4 young (16384K), 4 survivors (16384K)
 Metaspace       used 111363K, committed 113600K, reserved 1146880K
  class space    used 15201K, committed 16128K, reserved 1048576K
}
Event: 64.690 GC heap before
{Heap before GC invocations=67 (full 0):
 garbage-first heap   total 1105920K, used 680637K [0x00000006c0000000, 0x0000000800000000)
  region size 4096K, 18 young (73728K), 4 survivors (16384K)
 Metaspace       used 111362K, committed 113600K, reserved 1146880K
  class space    used 15198K, committed 16128K, reserved 1048576K
}
Event: 64.701 GC heap after
{Heap after GC invocations=68 (full 0):
 garbage-first heap   total 1105920K, used 616254K [0x00000006c0000000, 0x0000000800000000)
  region size 4096K, 2 young (8192K), 2 survivors (8192K)
 Metaspace       used 111362K, committed 113600K, reserved 1146880K
  class space    used 15198K, committed 16128K, reserved 1048576K
}
Event: 64.998 GC heap before
{Heap before GC invocations=68 (full 0):
 garbage-first heap   total 1105920K, used 661310K [0x00000006c0000000, 0x0000000800000000)
  region size 4096K, 14 young (57344K), 2 survivors (8192K)
 Metaspace       used 111362K, committed 113600K, reserved 1146880K
  class space    used 15198K, committed 16128K, reserved 1048576K
}
Event: 65.026 GC heap after
{Heap after GC invocations=69 (full 0):
 garbage-first heap   total 1105920K, used 593181K [0x00000006c0000000, 0x0000000800000000)
  region size 4096K, 2 young (8192K), 2 survivors (8192K)
 Metaspace       used 111362K, committed 113600K, reserved 1146880K
  class space    used 15198K, committed 16128K, reserved 1048576K
}
Event: 67.253 GC heap before
{Heap before GC invocations=69 (full 0):
 garbage-first heap   total 1105920K, used 855325K [0x00000006c0000000, 0x0000000800000000)
  region size 4096K, 67 young (274432K), 2 survivors (8192K)
 Metaspace       used 111769K, committed 114048K, reserved 1155072K
  class space    used 15267K, committed 16192K, reserved 1048576K
}
Event: 67.342 GC heap after
{Heap after GC invocations=70 (full 0):
 garbage-first heap   total 1105920K, used 610043K [0x00000006c0000000, 0x0000000800000000)
  region size 4096K, 6 young (24576K), 6 survivors (24576K)
 Metaspace       used 111769K, committed 114048K, reserved 1155072K
  class space    used 15267K, committed 16192K, reserved 1048576K
}
Event: 70.450 GC heap before
{Heap before GC invocations=71 (full 0):
 garbage-first heap   total 1105920K, used 814843K [0x00000006c0000000, 0x0000000800000000)
  region size 4096K, 75 young (307200K), 6 survivors (24576K)
 Metaspace       used 113638K, committed 115968K, reserved 1155072K
  class space    used 15519K, committed 16448K, reserved 1048576K
}
Event: 70.479 GC heap after
{Heap after GC invocations=72 (full 0):
 garbage-first heap   total 1105920K, used 489472K [0x00000006c0000000, 0x0000000800000000)
  region size 4096K, 10 young (40960K), 10 survivors (40960K)
 Metaspace       used 113638K, committed 115968K, reserved 1155072K
  class space    used 15519K, committed 16448K, reserved 1048576K
}
Event: 70.510 GC heap before
{Heap before GC invocations=72 (full 0):
 garbage-first heap   total 1105920K, used 497664K [0x00000006c0000000, 0x0000000800000000)
  region size 4096K, 13 young (53248K), 10 survivors (40960K)
 Metaspace       used 113638K, committed 115968K, reserved 1155072K
  class space    used 15519K, committed 16448K, reserved 1048576K
}
Event: 70.564 GC heap after
{Heap after GC invocations=73 (full 0):
 garbage-first heap   total 1105920K, used 485301K [0x00000006c0000000, 0x0000000800000000)
  region size 4096K, 2 young (8192K), 2 survivors (8192K)
 Metaspace       used 113638K, committed 115968K, reserved 1155072K
  class space    used 15519K, committed 16448K, reserved 1048576K
}
Event: 244.484 GC heap before
{Heap before GC invocations=73 (full 0):
 garbage-first heap   total 1105920K, used 812981K [0x00000006c0000000, 0x0000000800000000)
  region size 4096K, 83 young (339968K), 2 survivors (8192K)
 Metaspace       used 114533K, committed 116864K, reserved 1155072K
  class space    used 15632K, committed 16576K, reserved 1048576K
}

