# JRE version: OpenJDK Runtime Environment (17.0.6) (build 17.0.6+0-b2043.56-9586694)
# Java VM: OpenJDK 64-Bit Server VM (17.0.6+0-b2043.56-9586694, mixed mode, tiered, compressed oops, compressed class ptrs, g1 gc, windows-amd64)
GC Precious Log:
 CPUs: 8 total, 8 available
 Memory: 8097M
 Large Page Support: Disabled
 NUMA Support: Disabled
 Compressed Oops: Enabled (Zero based)
 Heap Region Size: 4M
 Heap Min Capacity: 8M
 Heap Initial Capacity: 128M
 Heap Max Capacity: 5G
 Pre-touch: Disabled
 Parallel Workers: 8
 Concurrent Workers: 2
 Concurrent Refinement Workers: 8
 Periodic GC: Disabled
Heap:
 garbage-first heap   total 839680K, used 596654K [0x00000006c0000000, 0x0000000800000000)
  region size 4096K, 5 young (20480K), 5 survivors (20480K)
 Metaspace       used 111238K, committed 113408K, reserved 1146880K
  class space    used 15185K, committed 16064K, reserved 1048576K
GC Heap History (20 events):
Event: 36.401 GC heap after
{Heap after GC invocations=48 (full 0):
 garbage-first heap   total 610304K, used 369839K [0x00000006c0000000, 0x0000000800000000)
  region size 4096K, 3 young (12288K), 3 survivors (12288K)
 Metaspace       used 103752K, committed 105920K, reserved 1146880K
  class space    used 14220K, committed 15104K, reserved 1048576K
}
Event: 37.273 GC heap before
{Heap before GC invocations=48 (full 0):
 garbage-first heap   total 610304K, used 492719K [0x00000006c0000000, 0x0000000800000000)
  region size 4096K, 34 young (139264K), 3 survivors (12288K)
 Metaspace       used 104005K, committed 106176K, reserved 1146880K
  class space    used 14233K, committed 15104K, reserved 1048576K
}
Event: 37.287 GC heap after
{Heap after GC invocations=49 (full 0):
 garbage-first heap   total 610304K, used 380028K [0x00000006c0000000, 0x0000000800000000)
  region size 4096K, 5 young (20480K), 5 survivors (20480K)
 Metaspace       used 104005K, committed 106176K, reserved 1146880K
  class space    used 14233K, committed 15104K, reserved 1048576K
}
Event: 38.038 GC heap before
{Heap before GC invocations=49 (full 0):
 garbage-first heap   total 610304K, used 498812K [0x00000006c0000000, 0x0000000800000000)
  region size 4096K, 35 young (143360K), 5 survivors (20480K)
 Metaspace       used 104281K, committed 106496K, reserved 1146880K
  class space    used 14263K, committed 15168K, reserved 1048576K
}
Event: 38.053 GC heap after
{Heap after GC invocations=50 (full 0):
 garbage-first heap   total 610304K, used 390846K [0x00000006c0000000, 0x0000000800000000)
  region size 4096K, 4 young (16384K), 4 survivors (16384K)
 Metaspace       used 104281K, committed 106496K, reserved 1146880K
  class space    used 14263K, committed 15168K, reserved 1048576K
}
Event: 38.699 GC heap before
{Heap before GC invocations=50 (full 0):
 garbage-first heap   total 610304K, used 501438K [0x00000006c0000000, 0x0000000800000000)
  region size 4096K, 31 young (126976K), 4 survivors (16384K)
 Metaspace       used 104342K, committed 106560K, reserved 1146880K
  class space    used 14270K, committed 15168K, reserved 1048576K
}
Event: 38.711 GC heap after
{Heap after GC invocations=51 (full 0):
 garbage-first heap   total 610304K, used 399692K [0x00000006c0000000, 0x0000000800000000)
  region size 4096K, 4 young (16384K), 4 survivors (16384K)
 Metaspace       used 104342K, committed 106560K, reserved 1146880K
  class space    used 14270K, committed 15168K, reserved 1048576K
}
Event: 39.264 GC heap before
{Heap before GC invocations=51 (full 0):
 garbage-first heap   total 610304K, used 502092K [0x00000006c0000000, 0x0000000800000000)
  region size 4096K, 30 young (122880K), 4 survivors (16384K)
 Metaspace       used 104391K, committed 106624K, reserved 1146880K
  class space    used 14270K, committed 15168K, reserved 1048576K
}
Event: 39.282 GC heap after
{Heap after GC invocations=52 (full 0):
 garbage-first heap   total 733184K, used 410437K [0x00000006c0000000, 0x0000000800000000)
  region size 4096K, 4 young (16384K), 4 survivors (16384K)
 Metaspace       used 104391K, committed 106624K, reserved 1146880K
  class space    used 14270K, committed 15168K, reserved 1048576K
}
Event: 40.169 GC heap before
{Heap before GC invocations=52 (full 0):
 garbage-first heap   total 733184K, used 590661K [0x00000006c0000000, 0x0000000800000000)
  region size 4096K, 49 young (200704K), 4 survivors (16384K)
 Metaspace       used 104529K, committed 106752K, reserved 1146880K
  class space    used 14281K, committed 15168K, reserved 1048576K
}
Event: 40.188 GC heap after
{Heap after GC invocations=53 (full 0):
 garbage-first heap   total 733184K, used 427404K [0x00000006c0000000, 0x0000000800000000)
  region size 4096K, 7 young (28672K), 7 survivors (28672K)
 Metaspace       used 104529K, committed 106752K, reserved 1146880K
  class space    used 14281K, committed 15168K, reserved 1048576K
}
Event: 40.922 GC heap before
{Heap before GC invocations=53 (full 0):
 garbage-first heap   total 733184K, used 591244K [0x00000006c0000000, 0x0000000800000000)
  region size 4096K, 48 young (196608K), 7 survivors (28672K)
 Metaspace       used 104715K, committed 106880K, reserved 1146880K
  class space    used 14301K, committed 15168K, reserved 1048576K
}
Event: 40.945 GC heap after
{Heap after GC invocations=54 (full 0):
 garbage-first heap   total 733184K, used 438559K [0x00000006c0000000, 0x0000000800000000)
  region size 4096K, 4 young (16384K), 4 survivors (16384K)
 Metaspace       used 104715K, committed 106880K, reserved 1146880K
  class space    used 14301K, committed 15168K, reserved 1048576K
}
Event: 41.716 GC heap before
{Heap before GC invocations=54 (full 0):
 garbage-first heap   total 733184K, used 495903K [0x00000006c0000000, 0x0000000800000000)
  region size 4096K, 20 young (81920K), 4 survivors (16384K)
 Metaspace       used 109799K, committed 111936K, reserved 1146880K
  class space    used 14995K, committed 15872K, reserved 1048576K
}
Event: 41.726 GC heap after
{Heap after GC invocations=55 (full 0):
 garbage-first heap   total 733184K, used 444116K [0x00000006c0000000, 0x0000000800000000)
  region size 4096K, 2 young (8192K), 2 survivors (8192K)
 Metaspace       used 109799K, committed 111936K, reserved 1146880K
  class space    used 14995K, committed 15872K, reserved 1048576K
}
Event: 42.984 GC heap before
{Heap before GC invocations=56 (full 0):
 garbage-first heap   total 839680K, used 595668K [0x00000006c0000000, 0x0000000800000000)
  region size 4096K, 39 young (159744K), 2 survivors (8192K)
 Metaspace       used 110793K, committed 113024K, reserved 1146880K
  class space    used 15124K, committed 16064K, reserved 1048576K
}
Event: 43.002 GC heap after
{Heap after GC invocations=57 (full 0):
 garbage-first heap   total 839680K, used 456119K [0x00000006c0000000, 0x0000000800000000)
  region size 4096K, 5 young (20480K), 5 survivors (20480K)
 Metaspace       used 110793K, committed 113024K, reserved 1146880K
  class space    used 15124K, committed 16064K, reserved 1048576K
}
Event: 43.133 GC heap before
{Heap before GC invocations=57 (full 0):
 garbage-first heap   total 839680K, used 472503K [0x00000006c0000000, 0x0000000800000000)
  region size 4096K, 10 young (40960K), 5 survivors (20480K)
 Metaspace       used 110796K, committed 113024K, reserved 1146880K
  class space    used 15125K, committed 16064K, reserved 1048576K
}
Event: 43.167 GC heap after
{Heap after GC invocations=58 (full 0):
 garbage-first heap   total 839680K, used 438226K [0x00000006c0000000, 0x0000000800000000)
  region size 4096K, 2 young (8192K), 2 survivors (8192K)
 Metaspace       used 110796K, committed 113024K, reserved 1146880K
  class space    used 15125K, committed 16064K, reserved 1048576K
}
Event: 45.100 GC heap before
{Heap before GC invocations=58 (full 0):
 garbage-first heap   total 839680K, used 790482K [0x00000006c0000000, 0x0000000800000000)
  region size 4096K, 50 young (204800K), 2 survivors (8192K)
 Metaspace       used 111238K, committed 113408K, reserved 1146880K
  class space    used 15185K, committed 16064K, reserved 1048576K
}

