# JRE version: OpenJDK Runtime Environment (17.0.6) (build 17.0.6+0-b2043.56-9586694)
# Java VM: OpenJDK 64-Bit Server VM (17.0.6+0-b2043.56-9586694, mixed mode, tiered, compressed oops, compressed class ptrs, g1 gc, windows-amd64)
GC Precious Log:
 CPUs: 8 total, 8 available
 Memory: 8097M
 Large Page Support: Disabled
 NUMA Support: Disabled
 Compressed Oops: Enabled (Zero based)
 Heap Region Size: 4M
 Heap Min Capacity: 8M
 Heap Initial Capacity: 128M
 Heap Max Capacity: 5G
 Pre-touch: Disabled
 Parallel Workers: 8
 Concurrent Workers: 2
 Concurrent Refinement Workers: 8
 Periodic GC: Disabled
Heap:
 garbage-first heap   total 487424K, used 311296K [0x00000006c0000000, 0x0000000800000000)
  region size 4096K, 3 young (12288K), 3 survivors (12288K)
 Metaspace       used 97228K, committed 99264K, reserved 1138688K
  class space    used 13331K, committed 14080K, reserved 1048576K
GC Heap History (20 events):
Event: 19.223 GC heap after
{Heap after GC invocations=42 (full 0):
 garbage-first heap   total 274432K, used 159744K [0x00000006c0000000, 0x0000000800000000)
  region size 4096K, 2 young (8192K), 2 survivors (8192K)
 Metaspace       used 84880K, committed 86272K, reserved 1130496K
  class space    used 11572K, committed 12160K, reserved 1048576K
}
Event: 19.405 GC heap before
{Heap before GC invocations=42 (full 0):
 garbage-first heap   total 274432K, used 172032K [0x00000006c0000000, 0x0000000800000000)
  region size 4096K, 6 young (24576K), 2 survivors (8192K)
 Metaspace       used 85104K, committed 86464K, reserved 1130496K
  class space    used 11586K, committed 12160K, reserved 1048576K
}
Event: 19.414 GC heap after
{Heap after GC invocations=43 (full 0):
 garbage-first heap   total 274432K, used 166487K [0x00000006c0000000, 0x0000000800000000)
  region size 4096K, 2 young (8192K), 2 survivors (8192K)
 Metaspace       used 85104K, committed 86464K, reserved 1130496K
  class space    used 11586K, committed 12160K, reserved 1048576K
}
Event: 20.154 GC heap before
{Heap before GC invocations=44 (full 0):
 garbage-first heap   total 315392K, used 211543K [0x00000006c0000000, 0x0000000800000000)
  region size 4096K, 13 young (53248K), 2 survivors (8192K)
 Metaspace       used 85528K, committed 86912K, reserved 1130496K
  class space    used 11649K, committed 12224K, reserved 1048576K
}
Event: 20.166 GC heap after
{Heap after GC invocations=45 (full 0):
 garbage-first heap   total 315392K, used 180409K [0x00000006c0000000, 0x0000000800000000)
  region size 4096K, 2 young (8192K), 2 survivors (8192K)
 Metaspace       used 85528K, committed 86912K, reserved 1130496K
  class space    used 11649K, committed 12224K, reserved 1048576K
}
Event: 20.659 GC heap before
{Heap before GC invocations=45 (full 0):
 garbage-first heap   total 315392K, used 237753K [0x00000006c0000000, 0x0000000800000000)
  region size 4096K, 16 young (65536K), 2 survivors (8192K)
 Metaspace       used 86113K, committed 87680K, reserved 1130496K
  class space    used 11751K, committed 12352K, reserved 1048576K
}
Event: 20.672 GC heap after
{Heap after GC invocations=46 (full 0):
 garbage-first heap   total 315392K, used 192257K [0x00000006c0000000, 0x0000000800000000)
  region size 4096K, 2 young (8192K), 2 survivors (8192K)
 Metaspace       used 86113K, committed 87680K, reserved 1130496K
  class space    used 11751K, committed 12352K, reserved 1048576K
}
Event: 21.145 GC heap before
{Heap before GC invocations=47 (full 0):
 garbage-first heap   total 356352K, used 241409K [0x00000006c0000000, 0x0000000800000000)
  region size 4096K, 14 young (57344K), 2 survivors (8192K)
 Metaspace       used 86455K, committed 88128K, reserved 1130496K
  class space    used 11808K, committed 12480K, reserved 1048576K
}
Event: 21.157 GC heap after
{Heap after GC invocations=48 (full 0):
 garbage-first heap   total 356352K, used 202346K [0x00000006c0000000, 0x0000000800000000)
  region size 4096K, 2 young (8192K), 2 survivors (8192K)
 Metaspace       used 86455K, committed 88128K, reserved 1130496K
  class space    used 11808K, committed 12480K, reserved 1048576K
}
Event: 21.249 GC heap before
{Heap before GC invocations=48 (full 0):
 garbage-first heap   total 356352K, used 210538K [0x00000006c0000000, 0x0000000800000000)
  region size 4096K, 4 young (16384K), 2 survivors (8192K)
 Metaspace       used 86549K, committed 88192K, reserved 1130496K
  class space    used 11824K, committed 12480K, reserved 1048576K
}
Event: 21.278 GC heap after
{Heap after GC invocations=49 (full 0):
 garbage-first heap   total 471040K, used 204999K [0x00000006c0000000, 0x0000000800000000)
  region size 4096K, 1 young (4096K), 1 survivors (4096K)
 Metaspace       used 86549K, committed 88192K, reserved 1130496K
  class space    used 11824K, committed 12480K, reserved 1048576K
}
Event: 22.666 GC heap before
{Heap before GC invocations=49 (full 0):
 garbage-first heap   total 471040K, used 340167K [0x00000006c0000000, 0x0000000800000000)
  region size 4096K, 34 young (139264K), 1 survivors (4096K)
 Metaspace       used 88215K, committed 89984K, reserved 1130496K
  class space    used 12080K, committed 12800K, reserved 1048576K
}
Event: 22.686 GC heap after
{Heap after GC invocations=50 (full 0):
 garbage-first heap   total 471040K, used 233131K [0x00000006c0000000, 0x0000000800000000)
  region size 4096K, 5 young (20480K), 5 survivors (20480K)
 Metaspace       used 88215K, committed 89984K, reserved 1130496K
  class space    used 12080K, committed 12800K, reserved 1048576K
}
Event: 23.721 GC heap before
{Heap before GC invocations=50 (full 0):
 garbage-first heap   total 471040K, used 343723K [0x00000006c0000000, 0x0000000800000000)
  region size 4096K, 32 young (131072K), 5 survivors (20480K)
 Metaspace       used 91349K, committed 93248K, reserved 1130496K
  class space    used 12480K, committed 13248K, reserved 1048576K
}
Event: 23.749 GC heap after
{Heap after GC invocations=51 (full 0):
 garbage-first heap   total 471040K, used 261156K [0x00000006c0000000, 0x0000000800000000)
  region size 4096K, 4 young (16384K), 4 survivors (16384K)
 Metaspace       used 91349K, committed 93248K, reserved 1130496K
  class space    used 12480K, committed 13248K, reserved 1048576K
}
Event: 25.467 GC heap before
{Heap before GC invocations=52 (full 0):
 garbage-first heap   total 487424K, used 355364K [0x00000006c0000000, 0x0000000800000000)
  region size 4096K, 27 young (110592K), 4 survivors (16384K)
 Metaspace       used 93999K, committed 95872K, reserved 1138688K
  class space    used 12902K, committed 13632K, reserved 1048576K
}
Event: 25.509 GC heap after
{Heap after GC invocations=53 (full 0):
 garbage-first heap   total 487424K, used 286720K [0x00000006c0000000, 0x0000000800000000)
  region size 4096K, 4 young (16384K), 4 survivors (16384K)
 Metaspace       used 93999K, committed 95872K, reserved 1138688K
  class space    used 12902K, committed 13632K, reserved 1048576K
}
Event: 25.633 GC heap before
{Heap before GC invocations=53 (full 0):
 garbage-first heap   total 487424K, used 286720K [0x00000006c0000000, 0x0000000800000000)
  region size 4096K, 5 young (20480K), 4 survivors (16384K)
 Metaspace       used 94380K, committed 96256K, reserved 1138688K
  class space    used 12953K, committed 13696K, reserved 1048576K
}
Event: 25.652 GC heap after
{Heap after GC invocations=54 (full 0):
 garbage-first heap   total 487424K, used 290545K [0x00000006c0000000, 0x0000000800000000)
  region size 4096K, 1 young (4096K), 1 survivors (4096K)
 Metaspace       used 94380K, committed 96256K, reserved 1138688K
  class space    used 12953K, committed 13696K, reserved 1048576K
}
Event: 26.494 GC heap before
{Heap before GC invocations=54 (full 0):
 garbage-first heap   total 487424K, used 372465K [0x00000006c0000000, 0x0000000800000000)
  region size 4096K, 21 young (86016K), 1 survivors (4096K)
 Metaspace       used 97228K, committed 99264K, reserved 1138688K
  class space    used 13331K, committed 14080K, reserved 1048576K
}

