# JRE version: OpenJDK Runtime Environment (17.0.6) (build 17.0.6+0-b2043.56-9586694)
# Java VM: OpenJDK 64-Bit Server VM (17.0.6+0-b2043.56-9586694, mixed mode, tiered, compressed oops, compressed class ptrs, g1 gc, windows-amd64)
GC Precious Log:
 CPUs: 8 total, 8 available
 Memory: 8097M
 Large Page Support: Disabled
 NUMA Support: Disabled
 Compressed Oops: Enabled (Zero based)
 Heap Region Size: 4M
 Heap Min Capacity: 8M
 Heap Initial Capacity: 128M
 Heap Max Capacity: 5G
 Pre-touch: Disabled
 Parallel Workers: 8
 Concurrent Workers: 2
 Concurrent Refinement Workers: 8
 Periodic GC: Disabled
Heap:
 garbage-first heap   total 167936K, used 119617K [0x00000006c0000000, 0x0000000800000000)
  region size 4096K, 12 young (49152K), 2 survivors (8192K)
 Metaspace       used 78241K, committed 78976K, reserved 1122304K
  class space    used 10547K, committed 10880K, reserved 1048576K
GC Heap History (20 events):
Event: 18.435 GC heap before
{Heap before GC invocations=20 (full 0):
 garbage-first heap   total 102400K, used 69258K [0x00000006c0000000, 0x0000000800000000)
  region size 4096K, 6 young (24576K), 1 survivors (4096K)
 Metaspace       used 62602K, committed 63040K, reserved 1105920K
  class space    used 8120K, committed 8320K, reserved 1048576K
}
Event: 18.439 GC heap after
{Heap after GC invocations=21 (full 0):
 garbage-first heap   total 102400K, used 55511K [0x00000006c0000000, 0x0000000800000000)
  region size 4096K, 1 young (4096K), 1 survivors (4096K)
 Metaspace       used 62602K, committed 63040K, reserved 1105920K
  class space    used 8120K, committed 8320K, reserved 1048576K
}
Event: 18.746 GC heap before
{Heap before GC invocations=21 (full 0):
 garbage-first heap   total 102400K, used 75991K [0x00000006c0000000, 0x0000000800000000)
  region size 4096K, 6 young (24576K), 1 survivors (4096K)
 Metaspace       used 64264K, committed 64704K, reserved 1105920K
  class space    used 8326K, committed 8512K, reserved 1048576K
}
Event: 18.751 GC heap after
{Heap after GC invocations=22 (full 0):
 garbage-first heap   total 102400K, used 57079K [0x00000006c0000000, 0x0000000800000000)
  region size 4096K, 1 young (4096K), 1 survivors (4096K)
 Metaspace       used 64264K, committed 64704K, reserved 1105920K
  class space    used 8326K, committed 8512K, reserved 1048576K
}
Event: 19.120 GC heap before
{Heap before GC invocations=23 (full 0):
 garbage-first heap   total 110592K, used 77559K [0x00000006c0000000, 0x0000000800000000)
  region size 4096K, 6 young (24576K), 1 survivors (4096K)
 Metaspace       used 65855K, committed 66304K, reserved 1114112K
  class space    used 8524K, committed 8704K, reserved 1048576K
}
Event: 19.124 GC heap after
{Heap after GC invocations=24 (full 0):
 garbage-first heap   total 110592K, used 58380K [0x00000006c0000000, 0x0000000800000000)
  region size 4096K, 1 young (4096K), 1 survivors (4096K)
 Metaspace       used 65855K, committed 66304K, reserved 1114112K
  class space    used 8524K, committed 8704K, reserved 1048576K
}
Event: 19.552 GC heap before
{Heap before GC invocations=24 (full 0):
 garbage-first heap   total 110592K, used 82956K [0x00000006c0000000, 0x0000000800000000)
  region size 4096K, 7 young (28672K), 1 survivors (4096K)
 Metaspace       used 66163K, committed 66624K, reserved 1114112K
  class space    used 8555K, committed 8768K, reserved 1048576K
}
Event: 19.558 GC heap after
{Heap after GC invocations=25 (full 0):
 garbage-first heap   total 110592K, used 65752K [0x00000006c0000000, 0x0000000800000000)
  region size 4096K, 1 young (4096K), 1 survivors (4096K)
 Metaspace       used 66163K, committed 66624K, reserved 1114112K
  class space    used 8555K, committed 8768K, reserved 1048576K
}
Event: 19.717 GC heap before
{Heap before GC invocations=26 (full 0):
 garbage-first heap   total 122880K, used 82136K [0x00000006c0000000, 0x0000000800000000)
  region size 4096K, 5 young (20480K), 1 survivors (4096K)
 Metaspace       used 66346K, committed 66816K, reserved 1114112K
  class space    used 8577K, committed 8768K, reserved 1048576K
}
Event: 19.720 GC heap after
{Heap after GC invocations=27 (full 0):
 garbage-first heap   total 122880K, used 68019K [0x00000006c0000000, 0x0000000800000000)
  region size 4096K, 1 young (4096K), 1 survivors (4096K)
 Metaspace       used 66346K, committed 66816K, reserved 1114112K
  class space    used 8577K, committed 8768K, reserved 1048576K
}
Event: 20.031 GC heap before
{Heap before GC invocations=27 (full 0):
 garbage-first heap   total 122880K, used 92595K [0x00000006c0000000, 0x0000000800000000)
  region size 4096K, 7 young (28672K), 1 survivors (4096K)
 Metaspace       used 67142K, committed 67712K, reserved 1114112K
  class space    used 8707K, committed 8960K, reserved 1048576K
}
Event: 20.035 GC heap after
{Heap after GC invocations=28 (full 0):
 garbage-first heap   total 122880K, used 69787K [0x00000006c0000000, 0x0000000800000000)
  region size 4096K, 1 young (4096K), 1 survivors (4096K)
 Metaspace       used 67142K, committed 67712K, reserved 1114112K
  class space    used 8707K, committed 8960K, reserved 1048576K
}
Event: 20.377 GC heap before
{Heap before GC invocations=29 (full 0):
 garbage-first heap   total 139264K, used 94363K [0x00000006c0000000, 0x0000000800000000)
  region size 4096K, 7 young (28672K), 1 survivors (4096K)
 Metaspace       used 67841K, committed 68480K, reserved 1114112K
  class space    used 8853K, committed 9152K, reserved 1048576K
}
Event: 20.380 GC heap after
{Heap after GC invocations=30 (full 0):
 garbage-first heap   total 139264K, used 70729K [0x00000006c0000000, 0x0000000800000000)
  region size 4096K, 1 young (4096K), 1 survivors (4096K)
 Metaspace       used 67841K, committed 68480K, reserved 1114112K
  class space    used 8853K, committed 9152K, reserved 1048576K
}
Event: 20.743 GC heap before
{Heap before GC invocations=30 (full 0):
 garbage-first heap   total 139264K, used 103497K [0x00000006c0000000, 0x0000000800000000)
  region size 4096K, 9 young (36864K), 1 survivors (4096K)
 Metaspace       used 69113K, committed 69760K, reserved 1114112K
  class space    used 9024K, committed 9344K, reserved 1048576K
}
Event: 20.748 GC heap after
{Heap after GC invocations=31 (full 0):
 garbage-first heap   total 167936K, used 73035K [0x00000006c0000000, 0x0000000800000000)
  region size 4096K, 2 young (8192K), 2 survivors (8192K)
 Metaspace       used 69113K, committed 69760K, reserved 1114112K
  class space    used 9024K, committed 9344K, reserved 1048576K
}
Event: 21.964 GC heap before
{Heap before GC invocations=32 (full 0):
 garbage-first heap   total 167936K, used 126283K [0x00000006c0000000, 0x0000000800000000)
  region size 4096K, 15 young (61440K), 2 survivors (8192K)
 Metaspace       used 73128K, committed 73856K, reserved 1114112K
  class space    used 9641K, committed 9984K, reserved 1048576K
}
Event: 21.971 GC heap after
{Heap after GC invocations=33 (full 0):
 garbage-first heap   total 167936K, used 77781K [0x00000006c0000000, 0x0000000800000000)
  region size 4096K, 2 young (8192K), 2 survivors (8192K)
 Metaspace       used 73128K, committed 73856K, reserved 1114112K
  class space    used 9641K, committed 9984K, reserved 1048576K
}
Event: 23.002 GC heap before
{Heap before GC invocations=33 (full 0):
 garbage-first heap   total 167936K, used 131029K [0x00000006c0000000, 0x0000000800000000)
  region size 4096K, 15 young (61440K), 2 survivors (8192K)
 Metaspace       used 77540K, committed 78272K, reserved 1122304K
  class space    used 10404K, committed 10752K, reserved 1048576K
}
Event: 23.010 GC heap after
{Heap after GC invocations=34 (full 0):
 garbage-first heap   total 167936K, used 82753K [0x00000006c0000000, 0x0000000800000000)
  region size 4096K, 2 young (8192K), 2 survivors (8192K)
 Metaspace       used 77540K, committed 78272K, reserved 1122304K
  class space    used 10404K, committed 10752K, reserved 1048576K
}

