# JRE version: OpenJDK Runtime Environment (17.0.6) (build 17.0.6+0-b2043.56-9586694)
# Java VM: OpenJDK 64-Bit Server VM (17.0.6+0-b2043.56-9586694, mixed mode, tiered, compressed oops, compressed class ptrs, g1 gc, windows-amd64)
GC Precious Log:
 CPUs: 8 total, 8 available
 Memory: 8097M
 Large Page Support: Disabled
 NUMA Support: Disabled
 Compressed Oops: Enabled (Zero based)
 Heap Region Size: 4M
 Heap Min Capacity: 8M
 Heap Initial Capacity: 128M
 Heap Max Capacity: 5G
 Pre-touch: Disabled
 Parallel Workers: 8
 Concurrent Workers: 2
 Concurrent Refinement Workers: 8
 Periodic GC: Disabled
Heap:
 garbage-first heap   total 397312K, used 240243K [0x00000006c0000000, 0x0000000800000000)
  region size 4096K, 3 young (12288K), 3 survivors (12288K)
 Metaspace       used 90926K, committed 92672K, reserved 1130496K
  class space    used 12419K, committed 13120K, reserved 1048576K
GC Heap History (20 events):
Event: 36.450 GC heap after
{Heap after GC invocations=49 (full 0):
 garbage-first heap   total 225280K, used 136127K [0x00000006c0000000, 0x0000000800000000)
  region size 4096K, 2 young (8192K), 2 survivors (8192K)
 Metaspace       used 83698K, committed 84864K, reserved 1130496K
  class space    used 11367K, committed 11840K, reserved 1048576K
}
Event: 37.241 GC heap before
{Heap before GC invocations=50 (full 0):
 garbage-first heap   total 245760K, used 168895K [0x00000006c0000000, 0x0000000800000000)
  region size 4096K, 11 young (45056K), 2 survivors (8192K)
 Metaspace       used 84170K, committed 85440K, reserved 1130496K
  class space    used 11449K, committed 11968K, reserved 1048576K
}
Event: 37.250 GC heap after
{Heap after GC invocations=51 (full 0):
 garbage-first heap   total 245760K, used 144225K [0x00000006c0000000, 0x0000000800000000)
  region size 4096K, 2 young (8192K), 2 survivors (8192K)
 Metaspace       used 84170K, committed 85440K, reserved 1130496K
  class space    used 11449K, committed 11968K, reserved 1048576K
}
Event: 37.998 GC heap before
{Heap before GC invocations=51 (full 0):
 garbage-first heap   total 245760K, used 185185K [0x00000006c0000000, 0x0000000800000000)
  region size 4096K, 13 young (53248K), 2 survivors (8192K)
 Metaspace       used 84881K, committed 86208K, reserved 1130496K
  class space    used 11539K, committed 12096K, reserved 1048576K
}
Event: 38.007 GC heap after
{Heap after GC invocations=52 (full 0):
 garbage-first heap   total 245760K, used 154487K [0x00000006c0000000, 0x0000000800000000)
  region size 4096K, 2 young (8192K), 2 survivors (8192K)
 Metaspace       used 84881K, committed 86208K, reserved 1130496K
  class space    used 11539K, committed 12096K, reserved 1048576K
}
Event: 38.414 GC heap before
{Heap before GC invocations=53 (full 0):
 garbage-first heap   total 286720K, used 195447K [0x00000006c0000000, 0x0000000800000000)
  region size 4096K, 11 young (45056K), 2 survivors (8192K)
 Metaspace       used 85194K, committed 86656K, reserved 1130496K
  class space    used 11588K, committed 12160K, reserved 1048576K
}
Event: 38.423 GC heap after
{Heap after GC invocations=54 (full 0):
 garbage-first heap   total 286720K, used 167364K [0x00000006c0000000, 0x0000000800000000)
  region size 4096K, 2 young (8192K), 2 survivors (8192K)
 Metaspace       used 85194K, committed 86656K, reserved 1130496K
  class space    used 11588K, committed 12160K, reserved 1048576K
}
Event: 38.967 GC heap before
{Heap before GC invocations=54 (full 0):
 garbage-first heap   total 286720K, used 220612K [0x00000006c0000000, 0x0000000800000000)
  region size 4096K, 15 young (61440K), 2 survivors (8192K)
 Metaspace       used 85818K, committed 87296K, reserved 1130496K
  class space    used 11688K, committed 12288K, reserved 1048576K
}
Event: 38.982 GC heap after
{Heap after GC invocations=55 (full 0):
 garbage-first heap   total 344064K, used 178395K [0x00000006c0000000, 0x0000000800000000)
  region size 4096K, 2 young (8192K), 2 survivors (8192K)
 Metaspace       used 85818K, committed 87296K, reserved 1130496K
  class space    used 11688K, committed 12288K, reserved 1048576K
}
Event: 40.139 GC heap before
{Heap before GC invocations=56 (full 0):
 garbage-first heap   total 344064K, used 252123K [0x00000006c0000000, 0x0000000800000000)
  region size 4096K, 21 young (86016K), 2 survivors (8192K)
 Metaspace       used 86421K, committed 88000K, reserved 1130496K
  class space    used 11789K, committed 12416K, reserved 1048576K
}
Event: 40.153 GC heap after
{Heap after GC invocations=57 (full 0):
 garbage-first heap   total 344064K, used 193370K [0x00000006c0000000, 0x0000000800000000)
  region size 4096K, 3 young (12288K), 3 survivors (12288K)
 Metaspace       used 86421K, committed 88000K, reserved 1130496K
  class space    used 11789K, committed 12416K, reserved 1048576K
}
Event: 40.199 GC heap before
{Heap before GC invocations=57 (full 0):
 garbage-first heap   total 344064K, used 193370K [0x00000006c0000000, 0x0000000800000000)
  region size 4096K, 4 young (16384K), 3 survivors (12288K)
 Metaspace       used 86421K, committed 88000K, reserved 1130496K
  class space    used 11789K, committed 12416K, reserved 1048576K
}
Event: 40.220 GC heap after
{Heap after GC invocations=58 (full 0):
 garbage-first heap   total 344064K, used 197556K [0x00000006c0000000, 0x0000000800000000)
  region size 4096K, 1 young (4096K), 1 survivors (4096K)
 Metaspace       used 86421K, committed 88000K, reserved 1130496K
  class space    used 11789K, committed 12416K, reserved 1048576K
}
Event: 40.763 GC heap before
{Heap before GC invocations=58 (full 0):
 garbage-first heap   total 344064K, used 258996K [0x00000006c0000000, 0x0000000800000000)
  region size 4096K, 16 young (65536K), 1 survivors (4096K)
 Metaspace       used 86864K, committed 88576K, reserved 1130496K
  class space    used 11867K, committed 12544K, reserved 1048576K
}
Event: 40.774 GC heap after
{Heap after GC invocations=59 (full 0):
 garbage-first heap   total 344064K, used 210257K [0x00000006c0000000, 0x0000000800000000)
  region size 4096K, 2 young (8192K), 2 survivors (8192K)
 Metaspace       used 86864K, committed 88576K, reserved 1130496K
  class space    used 11867K, committed 12544K, reserved 1048576K
}
Event: 41.619 GC heap before
{Heap before GC invocations=60 (full 0):
 garbage-first heap   total 397312K, used 263505K [0x00000006c0000000, 0x0000000800000000)
  region size 4096K, 15 young (61440K), 2 survivors (8192K)
 Metaspace       used 87983K, committed 89728K, reserved 1130496K
  class space    used 12029K, committed 12736K, reserved 1048576K
}
Event: 41.641 GC heap after
{Heap after GC invocations=61 (full 0):
 garbage-first heap   total 397312K, used 221184K [0x00000006c0000000, 0x0000000800000000)
  region size 4096K, 2 young (8192K), 2 survivors (8192K)
 Metaspace       used 87983K, committed 89728K, reserved 1130496K
  class space    used 12029K, committed 12736K, reserved 1048576K
}
Event: 41.714 GC heap before
{Heap before GC invocations=61 (full 0):
 garbage-first heap   total 397312K, used 229376K [0x00000006c0000000, 0x0000000800000000)
  region size 4096K, 4 young (16384K), 2 survivors (8192K)
 Metaspace       used 88003K, committed 89792K, reserved 1130496K
  class space    used 12029K, committed 12736K, reserved 1048576K
}
Event: 41.730 GC heap after
{Heap after GC invocations=62 (full 0):
 garbage-first heap   total 397312K, used 224741K [0x00000006c0000000, 0x0000000800000000)
  region size 4096K, 1 young (4096K), 1 survivors (4096K)
 Metaspace       used 88003K, committed 89792K, reserved 1130496K
  class space    used 12029K, committed 12736K, reserved 1048576K
}
Event: 42.901 GC heap before
{Heap before GC invocations=62 (full 0):
 garbage-first heap   total 397312K, used 302565K [0x00000006c0000000, 0x0000000800000000)
  region size 4096K, 20 young (81920K), 1 survivors (4096K)
 Metaspace       used 90926K, committed 92672K, reserved 1130496K
  class space    used 12419K, committed 13120K, reserved 1048576K
}

