# JRE version: OpenJDK Runtime Environment (17.0.6) (build 17.0.6+0-b2043.56-9586694)
# Java VM: OpenJDK 64-Bit Server VM (17.0.6+0-b2043.56-9586694, mixed mode, tiered, compressed oops, compressed class ptrs, g1 gc, windows-amd64)
GC Precious Log:
 CPUs: 8 total, 8 available
 Memory: 8097M
 Large Page Support: Disabled
 NUMA Support: Disabled
 Compressed Oops: Enabled (Zero based)
 Heap Region Size: 4M
 Heap Min Capacity: 8M
 Heap Initial Capacity: 128M
 Heap Max Capacity: 5G
 Pre-touch: Disabled
 Parallel Workers: 8
 Concurrent Workers: 2
 Concurrent Refinement Workers: 8
 Periodic GC: Disabled
Heap:
 garbage-first heap   total 1060864K, used 847828K [0x00000006c0000000, 0x0000000800000000)
  region size 4096K, 104 young (425984K), 13 survivors (53248K)
 Metaspace       used 114581K, committed 116928K, reserved 1155072K
  class space    used 15626K, committed 16576K, reserved 1048576K
GC Heap History (20 events):
Event: 16.374 GC heap before
{Heap before GC invocations=45 (full 0):
 garbage-first heap   total 532480K, used 362182K [0x00000006c0000000, 0x0000000800000000)
  region size 4096K, 36 young (147456K), 1 survivors (4096K)
 Metaspace       used 94604K, committed 96448K, reserved 1138688K
  class space    used 13031K, committed 13760K, reserved 1048576K
}
Event: 16.395 GC heap after
{Heap after GC invocations=46 (full 0):
 garbage-first heap   total 532480K, used 243098K [0x00000006c0000000, 0x0000000800000000)
  region size 4096K, 5 young (20480K), 5 survivors (20480K)
 Metaspace       used 94604K, committed 96448K, reserved 1138688K
  class space    used 13031K, committed 13760K, reserved 1048576K
}
Event: 17.647 GC heap before
{Heap before GC invocations=46 (full 0):
 garbage-first heap   total 532480K, used 382362K [0x00000006c0000000, 0x0000000800000000)
  region size 4096K, 39 young (159744K), 5 survivors (20480K)
 Metaspace       used 96291K, committed 98112K, reserved 1138688K
  class space    used 13215K, committed 13952K, reserved 1048576K
}
Event: 17.697 GC heap after
{Heap after GC invocations=47 (full 0):
 garbage-first heap   total 532480K, used 285206K [0x00000006c0000000, 0x0000000800000000)
  region size 4096K, 5 young (20480K), 5 survivors (20480K)
 Metaspace       used 96291K, committed 98112K, reserved 1138688K
  class space    used 13215K, committed 13952K, reserved 1048576K
}
Event: 18.413 GC heap before
{Heap before GC invocations=47 (full 0):
 garbage-first heap   total 532480K, used 395798K [0x00000006c0000000, 0x0000000800000000)
  region size 4096K, 32 young (131072K), 5 survivors (20480K)
 Metaspace       used 97863K, committed 99904K, reserved 1138688K
  class space    used 13456K, committed 14272K, reserved 1048576K
}
Event: 18.454 GC heap after
{Heap after GC invocations=48 (full 0):
 garbage-first heap   total 1060864K, used 317849K [0x00000006c0000000, 0x0000000800000000)
  region size 4096K, 4 young (16384K), 4 survivors (16384K)
 Metaspace       used 97863K, committed 99904K, reserved 1138688K
  class space    used 13456K, committed 14272K, reserved 1048576K
}
Event: 21.640 GC heap before
{Heap before GC invocations=48 (full 0):
 garbage-first heap   total 1060864K, used 706969K [0x00000006c0000000, 0x0000000800000000)
  region size 4096K, 100 young (409600K), 4 survivors (16384K)
 Metaspace       used 100535K, committed 102656K, reserved 1138688K
  class space    used 13873K, committed 14720K, reserved 1048576K
}
Event: 21.731 GC heap after
{Heap after GC invocations=49 (full 0):
 garbage-first heap   total 1060864K, used 349064K [0x00000006c0000000, 0x0000000800000000)
  region size 4096K, 12 young (49152K), 12 survivors (49152K)
 Metaspace       used 100535K, committed 102656K, reserved 1138688K
  class space    used 13873K, committed 14720K, reserved 1048576K
}
Event: 26.692 GC heap before
{Heap before GC invocations=49 (full 0):
 garbage-first heap   total 1060864K, used 750472K [0x00000006c0000000, 0x0000000800000000)
  region size 4096K, 111 young (454656K), 12 survivors (49152K)
 Metaspace       used 103775K, committed 105920K, reserved 1146880K
  class space    used 14219K, committed 15040K, reserved 1048576K
}
Event: 26.762 GC heap after
{Heap after GC invocations=50 (full 0):
 garbage-first heap   total 1060864K, used 376449K [0x00000006c0000000, 0x0000000800000000)
  region size 4096K, 9 young (36864K), 9 survivors (36864K)
 Metaspace       used 103775K, committed 105920K, reserved 1146880K
  class space    used 14219K, committed 15040K, reserved 1048576K
}
Event: 28.926 GC heap before
{Heap before GC invocations=50 (full 0):
 garbage-first heap   total 1060864K, used 794241K [0x00000006c0000000, 0x0000000800000000)
  region size 4096K, 112 young (458752K), 9 survivors (36864K)
 Metaspace       used 104213K, committed 106368K, reserved 1146880K
  class space    used 14263K, committed 15104K, reserved 1048576K
}
Event: 28.973 GC heap after
{Heap after GC invocations=51 (full 0):
 garbage-first heap   total 1060864K, used 412069K [0x00000006c0000000, 0x0000000800000000)
  region size 4096K, 11 young (45056K), 11 survivors (45056K)
 Metaspace       used 104213K, committed 106368K, reserved 1146880K
  class space    used 14263K, committed 15104K, reserved 1048576K
}
Event: 31.392 GC heap before
{Heap before GC invocations=51 (full 0):
 garbage-first heap   total 1060864K, used 813477K [0x00000006c0000000, 0x0000000800000000)
  region size 4096K, 110 young (450560K), 11 survivors (45056K)
 Metaspace       used 110538K, committed 112768K, reserved 1146880K
  class space    used 15117K, committed 16000K, reserved 1048576K
}
Event: 31.446 GC heap after
{Heap after GC invocations=52 (full 0):
 garbage-first heap   total 1060864K, used 439139K [0x00000006c0000000, 0x0000000800000000)
  region size 4096K, 9 young (36864K), 9 survivors (36864K)
 Metaspace       used 110538K, committed 112768K, reserved 1146880K
  class space    used 15117K, committed 16000K, reserved 1048576K
}
Event: 32.596 GC heap before
{Heap before GC invocations=52 (full 0):
 garbage-first heap   total 1060864K, used 635747K [0x00000006c0000000, 0x0000000800000000)
  region size 4096K, 37 young (151552K), 9 survivors (36864K)
 Metaspace       used 111066K, committed 113344K, reserved 1146880K
  class space    used 15181K, committed 16128K, reserved 1048576K
}
Event: 32.643 GC heap after
{Heap after GC invocations=53 (full 0):
 garbage-first heap   total 1060864K, used 519965K [0x00000006c0000000, 0x0000000800000000)
  region size 4096K, 4 young (16384K), 4 survivors (16384K)
 Metaspace       used 111066K, committed 113344K, reserved 1146880K
  class space    used 15181K, committed 16128K, reserved 1048576K
}
Event: 34.939 GC heap before
{Heap before GC invocations=53 (full 0):
 garbage-first heap   total 1060864K, used 917277K [0x00000006c0000000, 0x0000000800000000)
  region size 4096K, 84 young (344064K), 4 survivors (16384K)
 Metaspace       used 111146K, committed 113408K, reserved 1146880K
  class space    used 15198K, committed 16128K, reserved 1048576K
}
Event: 34.963 GC heap after
{Heap after GC invocations=54 (full 0):
 garbage-first heap   total 1060864K, used 461173K [0x00000006c0000000, 0x0000000800000000)
  region size 4096K, 7 young (28672K), 7 survivors (28672K)
 Metaspace       used 111146K, committed 113408K, reserved 1146880K
  class space    used 15198K, committed 16128K, reserved 1048576K
}
Event: 36.313 GC heap before
{Heap before GC invocations=54 (full 0):
 garbage-first heap   total 1060864K, used 842101K [0x00000006c0000000, 0x0000000800000000)
  region size 4096K, 101 young (413696K), 7 survivors (28672K)
 Metaspace       used 113454K, committed 115776K, reserved 1155072K
  class space    used 15507K, committed 16448K, reserved 1048576K
}
Event: 36.337 GC heap after
{Heap after GC invocations=55 (full 0):
 garbage-first heap   total 1060864K, used 483284K [0x00000006c0000000, 0x0000000800000000)
  region size 4096K, 13 young (53248K), 13 survivors (53248K)
 Metaspace       used 113454K, committed 115776K, reserved 1155072K
  class space    used 15507K, committed 16448K, reserved 1048576K
}

