# JRE version: OpenJDK Runtime Environment (17.0.6) (build 17.0.6+0-b2043.56-9586694)
# Java VM: OpenJDK 64-Bit Server VM (17.0.6+0-b2043.56-9586694, mixed mode, tiered, compressed oops, compressed class ptrs, g1 gc, windows-amd64)
GC Precious Log:
 CPUs: 8 total, 8 available
 Memory: 8097M
 Large Page Support: Disabled
 NUMA Support: Disabled
 Compressed Oops: Enabled (Zero based)
 Heap Region Size: 4M
 Heap Min Capacity: 8M
 Heap Initial Capacity: 128M
 Heap Max Capacity: 5G
 Pre-touch: Disabled
 Parallel Workers: 8
 Concurrent Workers: 2
 Concurrent Refinement Workers: 8
 Periodic GC: Disabled
Heap:
 garbage-first heap   total 806912K, used 548864K [0x00000006c0000000, 0x0000000800000000)
  region size 4096K, 69 young (282624K), 3 survivors (12288K)
 Metaspace       used 99407K, committed 101504K, reserved 1138688K
  class space    used 13733K, committed 14592K, reserved 1048576K
GC Heap History (20 events):
Event: 15.604 GC heap before
{Heap before GC invocations=41 (full 0):
 garbage-first heap   total 253952K, used 187975K [0x00000006c0000000, 0x0000000800000000)
  region size 4096K, 13 young (53248K), 2 survivors (8192K)
 Metaspace       used 84461K, committed 85760K, reserved 1122304K
  class space    used 11524K, committed 12032K, reserved 1048576K
}
Event: 15.614 GC heap after
{Heap after GC invocations=42 (full 0):
 garbage-first heap   total 253952K, used 155442K [0x00000006c0000000, 0x0000000800000000)
  region size 4096K, 2 young (8192K), 2 survivors (8192K)
 Metaspace       used 84461K, committed 85760K, reserved 1122304K
  class space    used 11524K, committed 12032K, reserved 1048576K
}
Event: 16.207 GC heap before
{Heap before GC invocations=43 (full 0):
 garbage-first heap   total 282624K, used 192306K [0x00000006c0000000, 0x0000000800000000)
  region size 4096K, 12 young (49152K), 2 survivors (8192K)
 Metaspace       used 84915K, committed 86272K, reserved 1130496K
  class space    used 11598K, committed 12160K, reserved 1048576K
}
Event: 16.217 GC heap after
{Heap after GC invocations=44 (full 0):
 garbage-first heap   total 282624K, used 163826K [0x00000006c0000000, 0x0000000800000000)
  region size 4096K, 2 young (8192K), 2 survivors (8192K)
 Metaspace       used 84915K, committed 86272K, reserved 1130496K
  class space    used 11598K, committed 12160K, reserved 1048576K
}
Event: 16.268 GC heap before
{Heap before GC invocations=44 (full 0):
 garbage-first heap   total 282624K, used 167922K [0x00000006c0000000, 0x0000000800000000)
  region size 4096K, 3 young (12288K), 2 survivors (8192K)
 Metaspace       used 84922K, committed 86272K, reserved 1130496K
  class space    used 11598K, committed 12160K, reserved 1048576K
}
Event: 16.275 GC heap after
{Heap after GC invocations=45 (full 0):
 garbage-first heap   total 282624K, used 163092K [0x00000006c0000000, 0x0000000800000000)
  region size 4096K, 1 young (4096K), 1 survivors (4096K)
 Metaspace       used 84922K, committed 86272K, reserved 1130496K
  class space    used 11598K, committed 12160K, reserved 1048576K
}
Event: 16.444 GC heap before
{Heap before GC invocations=45 (full 0):
 garbage-first heap   total 282624K, used 175380K [0x00000006c0000000, 0x0000000800000000)
  region size 4096K, 5 young (20480K), 1 survivors (4096K)
 Metaspace       used 85147K, committed 86528K, reserved 1130496K
  class space    used 11612K, committed 12160K, reserved 1048576K
}
Event: 16.451 GC heap after
{Heap after GC invocations=46 (full 0):
 garbage-first heap   total 421888K, used 167765K [0x00000006c0000000, 0x0000000800000000)
  region size 4096K, 2 young (8192K), 2 survivors (8192K)
 Metaspace       used 85147K, committed 86528K, reserved 1130496K
  class space    used 11612K, committed 12160K, reserved 1048576K
}
Event: 18.065 GC heap before
{Heap before GC invocations=46 (full 0):
 garbage-first heap   total 421888K, used 307029K [0x00000006c0000000, 0x0000000800000000)
  region size 4096K, 35 young (143360K), 2 survivors (8192K)
 Metaspace       used 86380K, committed 87936K, reserved 1130496K
  class space    used 11810K, committed 12416K, reserved 1048576K
}
Event: 18.083 GC heap after
{Heap after GC invocations=47 (full 0):
 garbage-first heap   total 421888K, used 198045K [0x00000006c0000000, 0x0000000800000000)
  region size 4096K, 5 young (20480K), 5 survivors (20480K)
 Metaspace       used 86380K, committed 87936K, reserved 1130496K
  class space    used 11810K, committed 12416K, reserved 1048576K
}
Event: 19.167 GC heap before
{Heap before GC invocations=47 (full 0):
 garbage-first heap   total 421888K, used 296349K [0x00000006c0000000, 0x0000000800000000)
  region size 4096K, 30 young (122880K), 5 survivors (20480K)
 Metaspace       used 87105K, committed 88896K, reserved 1130496K
  class space    used 11940K, committed 12608K, reserved 1048576K
}
Event: 19.196 GC heap after
{Heap after GC invocations=48 (full 0):
 garbage-first heap   total 421888K, used 221414K [0x00000006c0000000, 0x0000000800000000)
  region size 4096K, 4 young (16384K), 4 survivors (16384K)
 Metaspace       used 87105K, committed 88896K, reserved 1130496K
  class space    used 11940K, committed 12608K, reserved 1048576K
}
Event: 20.319 GC heap before
{Heap before GC invocations=48 (full 0):
 garbage-first heap   total 421888K, used 311526K [0x00000006c0000000, 0x0000000800000000)
  region size 4096K, 26 young (106496K), 4 survivors (16384K)
 Metaspace       used 89681K, committed 91456K, reserved 1130496K
  class space    used 12312K, committed 12992K, reserved 1048576K
}
Event: 20.342 GC heap after
{Heap after GC invocations=49 (full 0):
 garbage-first heap   total 421888K, used 239881K [0x00000006c0000000, 0x0000000800000000)
  region size 4096K, 4 young (16384K), 4 survivors (16384K)
 Metaspace       used 89681K, committed 91456K, reserved 1130496K
  class space    used 12312K, committed 12992K, reserved 1048576K
}
Event: 21.431 GC heap before
{Heap before GC invocations=50 (full 0):
 garbage-first heap   total 438272K, used 321801K [0x00000006c0000000, 0x0000000800000000)
  region size 4096K, 24 young (98304K), 4 survivors (16384K)
 Metaspace       used 91379K, committed 93184K, reserved 1130496K
  class space    used 12508K, committed 13248K, reserved 1048576K
}
Event: 21.459 GC heap after
{Heap after GC invocations=51 (full 0):
 garbage-first heap   total 438272K, used 263714K [0x00000006c0000000, 0x0000000800000000)
  region size 4096K, 3 young (12288K), 3 survivors (12288K)
 Metaspace       used 91379K, committed 93184K, reserved 1130496K
  class space    used 12508K, committed 13248K, reserved 1048576K
}
Event: 21.529 GC heap before
{Heap before GC invocations=51 (full 0):
 garbage-first heap   total 438272K, used 271906K [0x00000006c0000000, 0x0000000800000000)
  region size 4096K, 5 young (20480K), 3 survivors (12288K)
 Metaspace       used 91393K, committed 93248K, reserved 1130496K
  class space    used 12508K, committed 13248K, reserved 1048576K
}
Event: 21.548 GC heap after
{Heap after GC invocations=52 (full 0):
 garbage-first heap   total 438272K, used 268605K [0x00000006c0000000, 0x0000000800000000)
  region size 4096K, 1 young (4096K), 1 survivors (4096K)
 Metaspace       used 91393K, committed 93248K, reserved 1130496K
  class space    used 12508K, committed 13248K, reserved 1048576K
}
Event: 22.495 GC heap before
{Heap before GC invocations=52 (full 0):
 garbage-first heap   total 438272K, used 338237K [0x00000006c0000000, 0x0000000800000000)
  region size 4096K, 19 young (77824K), 1 survivors (4096K)
 Metaspace       used 93728K, committed 95552K, reserved 1138688K
  class space    used 12871K, committed 13568K, reserved 1048576K
}
Event: 22.516 GC heap after
{Heap after GC invocations=53 (full 0):
 garbage-first heap   total 806912K, used 286720K [0x00000006c0000000, 0x0000000800000000)
  region size 4096K, 3 young (12288K), 3 survivors (12288K)
 Metaspace       used 93728K, committed 95552K, reserved 1138688K
  class space    used 12871K, committed 13568K, reserved 1048576K
}

